<?xml version="1.0" encoding="UTF-8"?>
<testng-results ignored="0" total="1" passed="1" failed="0" skipped="0">
  <reporter-output>
  </reporter-output>
  <suite started-at="2019-11-19T18:28:15 IST" name="Default suite" finished-at="2019-11-19T18:28:45 IST" duration-ms="29704">
    <groups>
    </groups>
    <test started-at="2019-11-19T18:28:15 IST" name="Default test" finished-at="2019-11-19T18:28:45 IST" duration-ms="29704">
      <class name="com.automation.TC_01_CreateEmployee">
        <test-method signature="CreateEmployee()[pri:0, instance:com.automation.TC_01_CreateEmployee@7692d9cc]" started-at="2019-11-19T18:28:15 IST" name="CreateEmployee" finished-at="2019-11-19T18:28:45 IST" duration-ms="29579" status="PASS">
          <reporter-output>
          </reporter-output>
        </test-method> <!-- CreateEmployee -->
      </class> <!-- com.automation.TC_01_CreateEmployee -->
    </test> <!-- Default test -->
  </suite> <!-- Default suite -->
</testng-results>
